<?xml version="1.0" encoding="utf-8"?><testsuites><testsuite name="pytest" errors="0" failures="0" skipped="0" tests="0" time="0.003" timestamp="2024-07-07T13:29:38.531120" hostname="esthers-mbp.home" /></testsuites>