<?xml version="1.0" encoding="utf-8"?><testsuites><testsuite name="pytest" errors="0" failures="0" skipped="0" tests="0" time="0.850" timestamp="2024-07-08T09:24:14.391282" hostname="esthers-mbp.home" /></testsuites>