<?xml version="1.0" encoding="utf-8"?><testsuites><testsuite name="pytest" errors="0" failures="0" skipped="4" tests="75" time="0.685" timestamp="2024-07-03T17:49:58.864943" hostname="Esthers-MacBook-Pro.local"><testcase classname="tests.test_mtcdb.test_coordinates.test_base" name="test_len" time="0.000" /><testcase classname="tests.test_mtcdb.test_coordinates.test_base" name="test_eq" time="0.000" /><testcase classname="tests.test_mtcdb.test_coordinates.test_base" name="test_copy" time="0.000" /><testcase classname="tests.test_mtcdb.test_coordinates.test_base" name="test_getitem[int]" time="0.000" /><testcase classname="tests.test_mtcdb.test_coordinates.test_base" name="test_getitem[slice]" time="0.000" /><testcase classname="tests.test_mtcdb.test_coordinates.test_base" name="test_getitem[bool]" time="0.000" /><testcase classname="tests.test_mtcdb.test_coordinates.test_bio" name="test_coord_unit_build_labels_valid" time="0.000" /><testcase classname="tests.test_mtcdb.test_coordinates.test_bio" name="test_coord_unit_build_labels_invalid" time="0.000" /><testcase classname="tests.test_mtcdb.test_coordinates.test_bio" name="test_coord_depth_build_labels" time="0.000" /><testcase classname="tests.test_mtcdb.test_coordinates.test_bio" name="test_coord_depth_get_layer" time="0.000" /><testcase classname="tests.test_mtcdb.test_coordinates.test_bio" name="test_coord_depth_count_by_lab" time="0.000" /><testcase classname="tests.test_mtcdb.test_coordinates.test_exp_condition" name="test_coord_task_build_labels" time="0.000" /><testcase classname="tests.test_mtcdb.test_coordinates.test_exp_condition" name="test_coord_task_replace_label" time="0.000" /><testcase classname="tests.test_mtcdb.test_coordinates.test_exp_condition" name="test_task_count_by_lab" time="0.000" /><testcase classname="tests.test_mtcdb.test_coordinates.test_exp_structure" name="test_coord_recnum_build_labels" time="0.000" /><testcase classname="tests.test_mtcdb.test_coordinates.test_exp_structure" name="test_coord_recnum_count_by_lab" time="0.000" /><testcase classname="tests.test_mtcdb.test_coordinates.test_time" name="test_coord_time_set_t_bin" time="0.000" /><testcase classname="tests.test_mtcdb.test_coordinates.test_time" name="test_coord_time_build_labels_valid[n_smpl, t_bin]" time="0.000" /><testcase classname="tests.test_mtcdb.test_coordinates.test_time" name="test_coord_time_build_labels_valid[n_smpl, t_max]" time="0.000" /><testcase classname="tests.test_mtcdb.test_coordinates.test_time" name="test_coord_time_build_labels_valid[t_bin, t_max]" time="0.000" /><testcase classname="tests.test_mtcdb.test_coordinates.test_time" name="test_coord_time_build_labels_invalid" time="0.000" /><testcase classname="tests.test_mtcdb.test_coordinates.test_trials" name="test_coord_error_build_labels" time="0.000" /><testcase classname="tests.test_mtcdb.test_coordinates.test_trials" name="test_coord_error_count_by_lab" time="0.000" /><testcase classname="tests.test_mtcdb.test_coordinates.test_trials" name="test_coord_fold_build_labels" time="0.000" /><testcase classname="tests.test_mtcdb.test_coordinates.test_trials" name="test_coord_fold_count_by_lab" time="0.000" /><testcase classname="tests.test_mtcdb.test_coordinates.test_trials" name="test_coord_fold_get_test_train" time="0.000" /><testcase classname="tests.test_mtcdb.test_core_objects.test_base" name="test_init" time="0.000" /><testcase classname="tests.test_mtcdb.test_core_objects.test_base" name="test_get_options" time="0.000" /><testcase classname="tests.test_mtcdb.test_core_objects.test_base" name="test_full_label" time="0.000" /><testcase classname="tests.test_mtcdb.test_core_objects.test_base" name="test_eq" time="0.000" /><testcase classname="tests.test_mtcdb.test_core_objects.test_base" name="test_hash" time="0.000" /><testcase classname="tests.test_mtcdb.test_core_objects.test_composites" name="test_split_id_unit" time="0.000" /><testcase classname="tests.test_mtcdb.test_core_objects.test_composites" name="test_split_id_session" time="0.000" /><testcase classname="tests.test_mtcdb.test_core_objects.test_composites" name="test_bidirectional_association" time="0.000" /><testcase classname="tests.test_mtcdb.test_core_objects.test_composites" name="test_site_init" time="0.000" /><testcase classname="tests.test_mtcdb.test_core_objects.test_composites" name="test_unit_init" time="0.000" /><testcase classname="tests.test_mtcdb.test_core_objects.test_composites" name="test_session_init" time="0.000" /><testcase classname="tests.test_mtcdb.test_core_objects.test_concrete" name="test_get_naive" time="0.000" /><testcase classname="tests.test_mtcdb.test_core_objects.test_concrete" name="test_init" time="0.000" /><testcase classname="tests.test_mtcdb.test_core_objects.test_concrete" name="test_operations" time="0.000" /><testcase classname="tests.test_mtcdb.test_data_structures.test_delegate" name="test_attribute_access" time="0.000"><skipped type="pytest.skip" message="Not implemented yet">/Users/eresther/Documents/Work/multitask-context-dependent-behavior/tests/test_mtcdb/test_data_structures/test_delegate.py:21: Not implemented yet</skipped></testcase><testcase classname="tests.test_mtcdb.test_data_structures.test_delegate" name="test_item_access" time="0.000"><skipped type="pytest.skip" message="Not implemented yet">/Users/eresther/Documents/Work/multitask-context-dependent-behavior/tests/test_mtcdb/test_data_structures/test_delegate.py:33: Not implemented yet</skipped></testcase><testcase classname="tests.test_mtcdb.test_data_structures.test_delegate" name="test_custom_method" time="0.000"><skipped type="pytest.skip" message="Not implemented yet">/Users/eresther/Documents/Work/multitask-context-dependent-behavior/tests/test_mtcdb/test_data_structures/test_delegate.py:41: Not implemented yet</skipped></testcase><testcase classname="tests.test_mtcdb.test_data_structures.test_delegate" name="test_save_load" time="0.000"><skipped type="pytest.skip" message="Not implemented yet">/Users/eresther/Documents/Work/multitask-context-dependent-behavior/tests/test_mtcdb/test_data_structures/test_delegate.py:53: Not implemented yet</skipped></testcase><testcase classname="tests.test_mtcdb.test_io_handlers.test_loaders_base" name="test_loader_check_file_invalid" time="0.000" /><testcase classname="tests.test_mtcdb.test_io_handlers.test_loaders_base" name="test_loader_check_file_valid" time="0.003" /><testcase classname="tests.test_mtcdb.test_io_handlers.test_loaders_base" name="test_loader_check_type_invalid" time="0.000" /><testcase classname="tests.test_mtcdb.test_io_handlers.test_loaders_base" name="test_loader_check_type_valid" time="0.000" /><testcase classname="tests.test_mtcdb.test_io_handlers.test_path_managers_base" name="test_check_dir_existing" time="0.000" /><testcase classname="tests.test_mtcdb.test_io_handlers.test_path_managers_base" name="test_check_dir_non_existing" time="0.000" /><testcase classname="tests.test_mtcdb.test_io_handlers.test_path_managers_base" name="test_create_dir" time="0.001" /><testcase classname="tests.test_mtcdb.test_io_handlers.test_path_managers_impl" name="test_rawspktimes_path" time="0.000" /><testcase classname="tests.test_mtcdb.test_io_handlers.test_path_managers_impl" name="test_firingrates_path" time="0.000" /><testcase classname="tests.test_mtcdb.test_io_handlers.test_savers_base" name="test_saver_check_dir_invalid" time="0.000" /><testcase classname="tests.test_mtcdb.test_io_handlers.test_savers_base" name="test_saver_check_dir_valid" time="0.000" /><testcase classname="tests.test_mtcdb.test_io_handlers.test_savers_base" name="test_saver_check_ext[no-ext]" time="0.001" /><testcase classname="tests.test_mtcdb.test_io_handlers.test_savers_base" name="test_saver_check_ext[right-ext]" time="0.001" /><testcase classname="tests.test_mtcdb.test_io_handlers.test_savers_base" name="test_saver_check_ext[wrong-ext]" time="0.000" /><testcase classname="tests.test_mtcdb.test_io_handlers.test_savers_base" name="test_saver_check_data_valid[list]" time="0.000" /><testcase classname="tests.test_mtcdb.test_io_handlers.test_savers_base" name="test_saver_check_data_valid[ndarray]" time="0.000" /><testcase classname="tests.test_mtcdb.test_io_handlers.test_savers_base" name="test_saver_check_data_valid[dataframe]" time="0.000" /><testcase classname="tests.test_mtcdb.test_io_handlers.test_savers_base" name="test_saver_check_data_invalid" time="0.000" /><testcase classname="tests.test_mtcdb.test_io_handlers.test_savers_loaders_impl" name="test_saver_loader_csv[list]" time="0.001" /><testcase classname="tests.test_mtcdb.test_io_handlers.test_savers_loaders_impl" name="test_saver_loader_csv[numpy_float]" time="0.001" /><testcase classname="tests.test_mtcdb.test_io_handlers.test_savers_loaders_impl" name="test_saver_loader_csv[numpy_int]" time="0.001" /><testcase classname="tests.test_mtcdb.test_io_handlers.test_savers_loaders_impl" name="test_saver_loader_csv[numpy_str]" time="0.001" /><testcase classname="tests.test_mtcdb.test_io_handlers.test_savers_loaders_impl" name="test_saver_loader_csv[dataframe]" time="0.002" /><testcase classname="tests.test_mtcdb.test_io_handlers.test_savers_loaders_impl" name="test_saver_loader_npy" time="0.001" /><testcase classname="tests.test_mtcdb.test_io_handlers.test_savers_loaders_impl" name="test_saver_loader_pkl[dict]" time="0.001" /><testcase classname="tests.test_mtcdb.test_io_handlers.test_savers_loaders_impl" name="test_saver_loader_pkl[custom_class]" time="0.001" /><testcase classname="tests.test_mtcdb.test_utils.test_functions" name="test_filter_kwargs[pos_or_kw_args]" time="0.000" /><testcase classname="tests.test_mtcdb.test_utils.test_functions" name="test_filter_kwargs[var_args]" time="0.000" /><testcase classname="tests.test_mtcdb.test_utils.test_sequences" name="test_unique[list]" time="0.000" /><testcase classname="tests.test_mtcdb.test_utils.test_sequences" name="test_unique[tuple]" time="0.000" /><testcase classname="tests.test_mtcdb.test_utils.test_sequences" name="test_unique[ndarray]" time="0.000" /></testsuite></testsuites>