<?xml version="1.0" encoding="utf-8"?><testsuites><testsuite name="pytest" errors="0" failures="0" skipped="0" tests="13" time="1.074" timestamp="2024-05-24T08:53:46.921505" hostname="esthers-macbook-pro.home"><testcase classname="tests.test_mtcdb.test_preprocess.test_firing_rates" name="test_extract_trial[data0-expected0]" time="0.001" /><testcase classname="tests.test_mtcdb.test_preprocess.test_firing_rates" name="test_extract_trial[data1-expected1]" time="0.000" /><testcase classname="tests.test_mtcdb.test_preprocess.test_firing_rates" name="test_slice_epoch[spk0-expected0]" time="0.000" /><testcase classname="tests.test_mtcdb.test_preprocess.test_firing_rates" name="test_slice_epoch[spk1-expected1]" time="0.000" /><testcase classname="tests.test_mtcdb.test_preprocess.test_firing_rates" name="test_join_epochs[spk0-expected0]" time="0.000" /><testcase classname="tests.test_mtcdb.test_preprocess.test_firing_rates" name="test_join_epochs[spk1-expected1]" time="0.000" /><testcase classname="tests.test_mtcdb.test_preprocess.test_firing_rates" name="test_join_epochs[spk2-expected2]" time="0.000" /><testcase classname="tests.test_mtcdb.test_preprocess.test_firing_rates" name="test_spikes_to_rates[spk0-expected0]" time="0.000" /><testcase classname="tests.test_mtcdb.test_preprocess.test_firing_rates" name="test_spikes_to_rates[spk1-expected1]" time="0.000" /><testcase classname="tests.test_mtcdb.test_preprocess.test_firing_rates" name="test_smooth" time="0.000" /><testcase classname="tests.test_mtcdb.test_utils.test_sequences" name="test_unique[list]" time="0.000" /><testcase classname="tests.test_mtcdb.test_utils.test_sequences" name="test_unique[tuple]" time="0.000" /><testcase classname="tests.test_mtcdb.test_utils.test_sequences" name="test_unique[np.array]" time="0.000" /></testsuite></testsuites>